24-09-2023 03:42:37	This log contains information about the import schema operation into project 'InsuranceDb' on computer 'DESKTOP-FAT6SFV' by user 'Veebrij'.
24-09-2023 03:42:37	Import of database schema has started.
24-09-2023 03:42:47	Gathering database credentials
24-09-2023 03:42:47	Gathering database options
24-09-2023 03:42:47	Gathering generic database scoped configuration option
24-09-2023 03:42:47	Gathering users
24-09-2023 03:42:47	Gathering roles
24-09-2023 03:42:47	Gathering application roles
24-09-2023 03:42:47	Gathering role memberships
24-09-2023 03:42:47	Gathering filegroups
24-09-2023 03:42:47	Gathering full-text catalogs
24-09-2023 03:42:47	Gathering assemblies
24-09-2023 03:42:47	Gathering certificates
24-09-2023 03:42:47	Gathering asymmetric keys
24-09-2023 03:42:47	Gathering symmetric keys
24-09-2023 03:42:47	Gathering encrypted symmetric keys
24-09-2023 03:42:47	Gathering schemas
24-09-2023 03:42:47	Gathering XML schema collections
24-09-2023 03:42:47	Gathering user-defined data types
24-09-2023 03:42:47	Gathering user-defined types
24-09-2023 03:42:47	Gathering table types
24-09-2023 03:42:47	Gathering unique keys for table types
24-09-2023 03:42:47	Gathering primary keys for table types
24-09-2023 03:42:47	Gathering indexes for table types
24-09-2023 03:42:47	Gathering check constraints for table types
24-09-2023 03:42:47	Gathering default constraints for table types
24-09-2023 03:42:47	Gathering partition functions
24-09-2023 03:42:47	Gathering partition schemes
24-09-2023 03:42:47	Gathering functions
24-09-2023 03:42:47	Gathering encrypted functions
24-09-2023 03:42:47	Gathering aggregates
24-09-2023 03:42:47	Gathering procedures
24-09-2023 03:42:47	Gathering encrypted procedures
24-09-2023 03:42:47	Gathering tables
24-09-2023 03:42:47	Gathering primary keys
24-09-2023 03:42:47	Gathering unique constraints
24-09-2023 03:42:47	Gathering foreign keys
24-09-2023 03:42:47	Gathering default constraints
24-09-2023 03:42:47	Gathering check constraints
24-09-2023 03:42:47	Gathering views
24-09-2023 03:42:47	Gathering encrypted views
24-09-2023 03:42:47	Gathering indexes
24-09-2023 03:42:47	Gathering statistics
24-09-2023 03:42:47	Gathering full-text index stoplists
24-09-2023 03:42:47	Gathering search property lists
24-09-2023 03:42:47	Gathering search properties
24-09-2023 03:42:47	Gathering full-text indexes
24-09-2023 03:42:47	Gathering column store indexes
24-09-2023 03:42:47	Gathering spatial indexes
24-09-2023 03:42:47	Gathering XML indexes
24-09-2023 03:42:47	Gathering Selective XML indexes
24-09-2023 03:42:47	Gathering encrypted triggers
24-09-2023 03:42:47	Gathering triggers
24-09-2023 03:42:47	Gathering encrypted and clr ddl triggers
24-09-2023 03:42:47	Gathering ddl triggers
24-09-2023 03:42:47	Creating edge constraints
24-09-2023 03:42:47	Gathering synonyms
24-09-2023 03:42:47	Gathering defaults
24-09-2023 03:42:47	Gathering data constraint uddt bindings
24-09-2023 03:42:47	Gathering rules
24-09-2023 03:42:47	Gathering data constraint uddt bindings
24-09-2023 03:42:47	Gathering message types
24-09-2023 03:42:47	Gathering queues
24-09-2023 03:42:47	Gathering contracts
24-09-2023 03:42:47	Gathering services
24-09-2023 03:42:47	Gathering event notifications
24-09-2023 03:42:47	Gathering remote service bindings
24-09-2023 03:42:47	Gathering broker priorities
24-09-2023 03:42:47	Gathering signatures
24-09-2023 03:42:47	Gathering data compression options
24-09-2023 03:42:47	Gathering sequence types
24-09-2023 03:42:47	Gathering security policies
24-09-2023 03:42:47	Gather column encryption keys
24-09-2023 03:42:47	Gathering column master keys
24-09-2023 03:42:47	Gathering external data sources
24-09-2023 03:42:47	Gathering external file formats
24-09-2023 03:42:47	Gathering external tables
24-09-2023 03:42:47	Gathering extended properties
24-09-2023 03:42:47	Gathering assemblies
24-09-2023 03:42:47	Gathering credentials
24-09-2023 03:42:47	Gathering logins
24-09-2023 03:42:47	Gathering server audits
24-09-2023 03:42:48	Scanning project for duplicate elements
24-09-2023 03:42:48	Finished duplicate element processing
24-09-2023 03:42:50	Finished importing database.
24-09-2023 03:42:50	A summary of the import was saved to the following location: C:\Users\Veebrij\source\repos\InsuranceDb\InsuranceDb\Import Schema Logs\InsuranceDb_20230923101237.log
24-09-2023 03:42:50	Click Finish to continue...
